<?xml version="1.0" encoding="UTF-8"?>
<testsuite xmlns:xsi="http://www.w3.org/2001/XMLSchema-instance" xsi:noNamespaceSchemaLocation="https://maven.apache.org/surefire/maven-surefire-plugin/xsd/surefire-test-report-3.0.xsd" version="3.0" name="TestSuite" time="30.938" tests="3" errors="0" skipped="0" failures="1">
  <properties>
[...]
</properties>
  <testcase name="runScenario[&quot;Search experience for product search in both home and offers page&quot;, &quot;Search and place order for product&quot;](1)" classname="TestNgTestRunners.TestNGRunnersTest" time="25.829">
    <system-out><![CDATA[Beetroot Landing page product name
Tomato Landing page product name
Tomato Landing page product name
No data offer page product name
Tomato offer page product name
Tomato checkout page product name
]]></system-out>
    <system-err><![CDATA[SLF4J(W): No SLF4J providers were found.
SLF4J(W): Defaulting to no-operation (NOP) logger implementation
SLF4J(W): See https://www.slf4j.org/codes.html#noProviders for further details.
Aug 05, 2025 3:16:19 PM org.openqa.selenium.manager.SeleniumManager lambda$runCommand$1
WARNING: There was an error managing msedgedriver (error sending request for url (https://msedgedriver.azureedge.net/LATEST_RELEASE_138_WINDOWS)); using driver found in the cache
Aug 05, 2025 3:16:19 PM org.openqa.selenium.manager.SeleniumManager lambda$runCommand$1
WARNING: There was an error managing msedgedriver (error sending request for url (https://msedgedriver.azureedge.net/LATEST_RELEASE_138_WINDOWS)); using driver found in the cache
Aug 05, 2025 3:16:20 PM org.openqa.selenium.manager.SeleniumManager lambda$runCommand$1
WARNING: There was an error managing msedgedriver (error sending request for url (https://msedgedriver.azureedge.net/LATEST_RELEASE_138_WINDOWS)); using driver found in the cache
]]></system-err>
  </testcase>
  <testcase name="runScenario[&quot;Search experience for product search in both home and offers page&quot;, &quot;Search and place order for product&quot;](2)" classname="TestNgTestRunners.TestNGRunnersTest" time="25.969">
    <failure message="expected [No data] but found [Beetroot]" type="java.lang.AssertionError"><![CDATA[java.lang.AssertionError: expected [No data] but found [Beetroot]
	at org.testng.Assert.fail(Assert.java:111)
	at org.testng.Assert.failNotEquals(Assert.java:1590)
	at org.testng.Assert.assertEqualsImpl(Assert.java:150)
	at org.testng.Assert.assertEquals(Assert.java:132)
	at org.testng.Assert.assertEquals(Assert.java:656)
	at org.testng.Assert.assertEquals(Assert.java:666)
	at Stepdefinitions.OfferPageStepDefinition.validate_same_product_name_in_product_page_and_offer_page(OfferPageStepDefinition.java:36)
	at ✽.validate same product name in product page and offer page(file:///C:/Users/hshete/OneDrive%20-%20Capgemini/Study%20resources/Demo%20frameworks/RahulShettyAcademy/src/test/java/features/searchProducat.feature:9)
]]></failure>
  </testcase>
  <testcase name="runScenario[&quot;Place order and verify and checkout&quot;, &quot;Place order for product&quot;](3)" classname="TestNgTestRunners.TestNGRunnersTest" time="27.095"/>
</testsuite>