<?xml version="1.0" encoding="UTF-8"?>
<!-- Generated by org.testng.reporters.JUnitReportReporter -->
<testsuite hostname="LUS-F18MBK3" failures="1" tests="1" name="TestNgTestRunners.FailedTestNGRunners" time="13.320" errors="0" timestamp="2025-08-05T15:10:09 IST" skipped="0">
  <testcase classname="TestNgTestRunners.FailedTestNGRunners" name="runScenario" time="13.320">
    <failure message="expected [No data] but found [Beetroot]" type="java.lang.AssertionError">
      <![CDATA[java.lang.AssertionError: expected [No data] but found [Beetroot]
at org.testng.Assert.fail(Assert.java:111)
at org.testng.Assert.failNotEquals(Assert.java:1590)
at org.testng.Assert.assertEqualsImpl(Assert.java:150)
at org.testng.Assert.assertEquals(Assert.java:132)
at org.testng.Assert.assertEquals(Assert.java:656)
at org.testng.Assert.assertEquals(Assert.java:666)
at Stepdefinitions.OfferPageStepDefinition.validate_same_product_name_in_product_page_and_offer_page(OfferPageStepDefinition.java:36)
at ✽.validate same product name in product page and offer page(file:///C:/Users/hshete/OneDrive%20-%20Capgemini/Study%20resources/Demo%20frameworks/RahulShettyAcademy/src/test/java/features/searchProducat.feature:9)
]]>
    </failure>
  </testcase> <!-- runScenario -->
</testsuite> <!-- TestNgTestRunners.FailedTestNGRunners -->
